<?xml version="1.0" encoding="UTF-8"?>
<testng-results ignored="0" total="1" passed="1" failed="0" skipped="0">
  <reporter-output>
  </reporter-output>
  <suite started-at="2023-03-09T14:26:31 IST" name="Default suite" finished-at="2023-03-09T14:26:45 IST" duration-ms="13686">
    <groups>
    </groups>
    <test started-at="2023-03-09T14:26:31 IST" name="Default test" finished-at="2023-03-09T14:26:45 IST" duration-ms="13686">
      <class name="Selenium_Demo.Travels_WebApp.MainTest">
        <test-method is-config="true" signature="launchApplication()[pri:0, instance:Selenium_Demo.Travels_WebApp.MainTest@22ef9844]" started-at="2023-03-09T14:26:31 IST" name="launchApplication" finished-at="2023-03-09T14:26:40 IST" duration-ms="9307" status="PASS">
          <reporter-output>
          </reporter-output>
        </test-method> <!-- launchApplication -->
        <test-method signature="mainTest()[pri:0, instance:Selenium_Demo.Travels_WebApp.MainTest@22ef9844]" started-at="2023-03-09T14:26:40 IST" name="mainTest" finished-at="2023-03-09T14:26:45 IST" duration-ms="4344" status="PASS">
          <reporter-output>
          </reporter-output>
        </test-method> <!-- mainTest -->
      </class> <!-- Selenium_Demo.Travels_WebApp.MainTest -->
    </test> <!-- Default test -->
  </suite> <!-- Default suite -->
</testng-results>
